0 info it worked if it ends with ok
1 verbose cli [ '/usr/local/bin/node', '/usr/local/bin/npm', 'run', 'stest' ]
2 info using npm@3.8.3
3 info using node@v5.10.1
4 verbose run-script [ 'prestest', 'stest', 'poststest' ]
5 info lifecycle temp-melee-bet@0.1.0~prestest: temp-melee-bet@0.1.0
6 silly lifecycle temp-melee-bet@0.1.0~prestest: no script for prestest, continuing
7 info lifecycle temp-melee-bet@0.1.0~stest: temp-melee-bet@0.1.0
8 verbose lifecycle temp-melee-bet@0.1.0~stest: unsafe-perm in lifecycle true
9 verbose lifecycle temp-melee-bet@0.1.0~stest: PATH: /usr/local/lib/node_modules/npm/bin/node-gyp-bin:/Users/yasu/AnyPerk/melee-bet/node_modules/.bin:/usr/local/bin:/Users/yasu/.rvm/gems/ruby-2.4.0/bin:/Users/yasu/.rvm/gems/ruby-2.4.0@global/bin:/Users/yasu/.rvm/rubies/ruby-2.4.0/bin:/usr/local/bin:/usr/bin:/bin:/usr/sbin:/sbin:/usr/local/go/bin:/Users/yasu/.rvm/bin
10 verbose lifecycle temp-melee-bet@0.1.0~stest: CWD: /Users/yasu/AnyPerk/melee-bet
11 silly lifecycle temp-melee-bet@0.1.0~stest: Args: [ '-c', 'jest' ]
12 silly lifecycle temp-melee-bet@0.1.0~stest: Returned: code: 1  signal: null
13 info lifecycle temp-melee-bet@0.1.0~stest: Failed to exec stest script
14 verbose stack Error: temp-melee-bet@0.1.0 stest: `jest`
14 verbose stack Exit status 1
14 verbose stack     at EventEmitter.<anonymous> (/usr/local/lib/node_modules/npm/lib/utils/lifecycle.js:239:16)
14 verbose stack     at emitTwo (events.js:100:13)
14 verbose stack     at EventEmitter.emit (events.js:185:7)
14 verbose stack     at ChildProcess.<anonymous> (/usr/local/lib/node_modules/npm/lib/utils/spawn.js:24:14)
14 verbose stack     at emitTwo (events.js:100:13)
14 verbose stack     at ChildProcess.emit (events.js:185:7)
14 verbose stack     at maybeClose (internal/child_process.js:850:16)
14 verbose stack     at Process.ChildProcess._handle.onexit (internal/child_process.js:215:5)
15 verbose pkgid temp-melee-bet@0.1.0
16 verbose cwd /Users/yasu/AnyPerk/melee-bet
17 error Darwin 16.7.0
18 error argv "/usr/local/bin/node" "/usr/local/bin/npm" "run" "stest"
19 error node v5.10.1
20 error npm  v3.8.3
21 error code ELIFECYCLE
22 error temp-melee-bet@0.1.0 stest: `jest`
22 error Exit status 1
23 error Failed at the temp-melee-bet@0.1.0 stest script 'jest'.
23 error Make sure you have the latest version of node.js and npm installed.
23 error If you do, this is most likely a problem with the temp-melee-bet package,
23 error not with npm itself.
23 error Tell the author that this fails on your system:
23 error     jest
23 error You can get information on how to open an issue for this project with:
23 error     npm bugs temp-melee-bet
23 error Or if that isn't available, you can get their info via:
23 error     npm owner ls temp-melee-bet
23 error There is likely additional logging output above.
24 verbose exit [ 1, true ]
